2025-08-12 17:35:21,053 [INFO] Refreshing adb devices...
2025-08-12 17:35:21,086 [INFO] Found 1 adb device(s).
2025-08-12 17:35:21,096 [INFO] App ready. Click 'Auto-detect' or 'Scan network' to find your phone.
2025-08-12 17:35:26,355 [INFO] Theme changed to united
2025-08-12 17:35:26,356 [INFO] Settings saved.
2025-08-12 17:35:27,225 [INFO] Theme changed to morph
2025-08-12 17:35:27,226 [INFO] Settings saved.
2025-08-12 17:35:28,154 [INFO] Theme changed to journal
2025-08-12 17:35:28,155 [INFO] Settings saved.
2025-08-12 17:35:29,051 [INFO] Theme changed to darkly
2025-08-12 17:35:29,052 [INFO] Settings saved.
2025-08-12 17:35:29,874 [INFO] Theme changed to superhero
2025-08-12 17:35:29,875 [INFO] Settings saved.
2025-08-12 17:35:30,802 [INFO] Theme changed to solar
2025-08-12 17:35:30,803 [INFO] Settings saved.
2025-08-12 17:35:32,452 [INFO] Theme changed to united
2025-08-12 17:35:32,453 [INFO] Settings saved.
2025-08-12 17:35:42,316 [INFO] Theme changed to solar
2025-08-12 17:35:42,316 [INFO] Settings saved.
2025-08-12 17:35:44,116 [INFO] Theme changed to darkly
2025-08-12 17:35:44,117 [INFO] Settings saved.
2025-08-12 17:36:43,322 [INFO] Theme changed to cerculean
2025-08-12 17:36:43,322 [INFO] Settings saved.
2025-08-12 17:36:45,161 [INFO] Theme changed to simplex
2025-08-12 17:36:45,162 [INFO] Settings saved.
2025-08-12 17:36:46,242 [INFO] Theme changed to vapor
2025-08-12 17:36:46,243 [INFO] Settings saved.
2025-08-12 17:36:47,306 [INFO] Theme changed to cyborg
2025-08-12 17:36:47,307 [INFO] Settings saved.
2025-08-12 17:36:53,763 [INFO] Theme changed to darkly
2025-08-12 17:36:53,764 [INFO] Settings saved.
2025-08-12 17:37:01,586 [INFO] Refreshing adb devices...
2025-08-12 17:37:01,608 [INFO] Found 1 adb device(s).
2025-08-12 17:37:02,226 [INFO] Refreshing adb devices...
2025-08-12 17:37:02,248 [INFO] Found 1 adb device(s).
2025-08-12 17:37:04,770 [ERROR] Please set IP and connect port.
2025-08-12 17:37:09,410 [INFO] Auto-detecting local IP...
2025-08-12 17:37:09,411 [INFO] Detected local IP: 10.8.0.2
2025-08-12 17:37:11,338 [INFO] Connecting to 10.8.0.2:5555 ...
2025-08-12 17:37:13,387 [ERROR] Connect failed: cannot connect to 10.8.0.2:5555: No connection could be made because the target machine actively refused it. (10061) 
2025-08-12 17:37:19,434 [INFO] Refreshing adb devices...
2025-08-12 17:37:19,463 [INFO] Found 1 adb device(s).
2025-08-12 17:37:19,626 [INFO] Refreshing adb devices...
2025-08-12 17:37:19,649 [INFO] Found 1 adb device(s).
2025-08-12 17:37:22,794 [INFO] Auto-detecting local IP...
2025-08-12 17:37:22,794 [INFO] Detected local IP: 10.8.0.2
2025-08-12 17:37:22,978 [INFO] Auto-detecting local IP...
2025-08-12 17:37:22,978 [INFO] Detected local IP: 10.8.0.2
2025-08-12 17:37:23,146 [INFO] Auto-detecting local IP...
2025-08-12 17:37:23,146 [INFO] Detected local IP: 10.8.0.2
2025-08-12 17:37:39,882 [INFO] Connecting to 192.168.1.7:42465 ...
2025-08-12 17:37:39,974 [INFO] Connected to device.
2025-08-12 17:37:39,975 [INFO] Settings saved.
2025-08-12 17:37:40,676 [INFO] Refreshing adb devices...
2025-08-12 17:37:40,712 [INFO] Found 1 adb device(s).
2025-08-12 17:37:45,970 [INFO] Connecting to 192.168.1.7:42465 ...
2025-08-12 17:37:46,116 [INFO] Connected to device.
2025-08-12 17:37:46,117 [INFO] Settings saved.
2025-08-12 17:37:46,826 [INFO] Refreshing adb devices...
2025-08-12 17:37:46,851 [INFO] Found 1 adb device(s).
2025-08-12 17:37:49,970 [INFO] Connecting to 192.168.1.7:42465 ...
2025-08-12 17:37:50,110 [INFO] Connected to device.
2025-08-12 17:37:50,111 [INFO] Settings saved.
2025-08-12 17:37:50,825 [INFO] Refreshing adb devices...
2025-08-12 17:37:50,850 [INFO] Found 1 adb device(s).
2025-08-12 17:37:51,266 [ERROR] Please fill IP, pair port and pairing code.
2025-08-12 17:38:10,986 [INFO] Initiating pairing to 192.168.1.7:33921 ...
2025-08-12 17:38:11,088 [INFO] Pairing successful!
2025-08-12 17:38:11,090 [INFO] Settings saved.
2025-08-12 17:38:13,426 [INFO] Connecting to 192.168.1.7:42465 ...
2025-08-12 17:38:13,769 [INFO] Connected to device.
2025-08-12 17:38:13,770 [INFO] Settings saved.
2025-08-12 17:38:14,474 [INFO] Refreshing adb devices...
2025-08-12 17:38:14,498 [INFO] Found 1 adb device(s).
2025-08-12 17:38:15,595 [INFO] Starting scrcpy for 192.168.1.7:42465 ...
2025-08-12 17:38:15,600 [INFO] scrcpy started (external window).
2025-08-12 17:40:39,019 [INFO] Theme changed to morph
2025-08-12 17:40:39,020 [INFO] Settings saved.
2025-08-12 17:40:39,971 [INFO] Theme changed to journal
2025-08-12 17:40:39,972 [INFO] Settings saved.
2025-08-12 17:40:41,115 [INFO] Theme changed to morph
2025-08-12 17:40:41,116 [INFO] Settings saved.
2025-08-12 17:40:42,291 [INFO] Theme changed to superhero
2025-08-12 17:40:42,291 [INFO] Settings saved.
2025-08-12 17:40:43,219 [INFO] Theme changed to solar
2025-08-12 17:40:43,220 [INFO] Settings saved.
2025-08-12 17:40:44,163 [INFO] Theme changed to cyborg
2025-08-12 17:40:44,164 [INFO] Settings saved.
2025-08-12 17:40:45,291 [INFO] Theme changed to vapor
2025-08-12 17:40:45,291 [INFO] Settings saved.
2025-08-12 17:40:46,427 [INFO] Theme changed to vapor
2025-08-12 17:40:46,427 [INFO] Settings saved.
2025-08-12 17:40:47,459 [INFO] Theme changed to simplex
2025-08-12 17:40:47,460 [INFO] Settings saved.
2025-08-12 17:40:49,827 [INFO] Theme changed to darkly
2025-08-12 17:40:49,828 [INFO] Settings saved.
2025-08-12 17:40:51,066 [INFO] Settings saved.
2025-08-12 17:40:51,387 [INFO] Settings saved.
2025-08-12 17:40:55,410 [INFO] Opening log file: scrcpy_launcher.log
2025-08-12 17:40:59,505 [INFO] Opening folder: C:\Users\Rfan\Documents\scrapy
2025-08-12 17:44:54,765 [INFO] Refreshing adb devices...
2025-08-12 17:44:54,792 [INFO] Found 1 adb device(s).
2025-08-12 17:44:54,806 [INFO] App ready. Click 'Auto-detect' or 'Scan network' to find your phone.
2025-08-12 17:44:57,777 [INFO] Starting scrcpy for 192.168.1.7:42465 ...
2025-08-12 17:44:57,783 [INFO] scrcpy started (external window).
2025-08-12 17:45:08,373 [INFO] Refreshing adb devices...
2025-08-12 17:45:08,401 [INFO] Found 1 adb device(s).
2025-08-12 17:45:08,411 [INFO] App ready. Click 'Auto-detect' or 'Scan network' to find your phone.
2025-08-12 17:45:11,281 [INFO] Refreshing adb devices...
2025-08-12 17:45:11,305 [INFO] Found 1 adb device(s).
2025-08-12 17:45:12,401 [INFO] Starting scrcpy for 192.168.1.7:42465 ...
2025-08-12 17:45:12,405 [INFO] scrcpy started (external window).
2025-08-12 17:45:44,233 [INFO] Refreshing adb devices...
2025-08-12 17:45:44,257 [INFO] Found 1 adb device(s).
2025-08-12 17:45:44,953 [INFO] Refreshing adb devices...
2025-08-12 17:45:44,977 [INFO] Found 1 adb device(s).
2025-08-12 17:45:45,481 [INFO] Refreshing adb devices...
2025-08-12 17:45:45,505 [INFO] Found 1 adb device(s).
2025-08-12 17:45:45,897 [INFO] Refreshing adb devices...
2025-08-12 17:45:45,922 [INFO] Found 1 adb device(s).
2025-08-12 18:31:11,411 [INFO] Refreshing adb devices...
2025-08-12 18:31:11,436 [INFO] Found 1 adb device(s).
2025-08-12 18:31:11,447 [INFO] App ready. Click 'Auto-detect' or 'Scan network' to find your phone.
2025-08-12 18:31:14,587 [INFO] Starting scrcpy for 192.168.1.7:42465 ...
2025-08-12 18:31:14,593 [INFO] scrcpy started (external window).
2025-08-12 18:32:11,654 [INFO] Refreshing adb devices...
2025-08-12 18:32:11,679 [INFO] Found 1 adb device(s).
2025-08-12 18:32:11,690 [INFO] App ready. Click 'Auto-detect' or 'Scan network' to find your phone.
2025-08-12 18:32:15,209 [INFO] Refreshing adb devices...
2025-08-12 18:32:15,233 [INFO] Found 1 adb device(s).
2025-08-12 18:32:15,244 [INFO] App ready. Click 'Auto-detect' or 'Scan network' to find your phone.
2025-08-12 18:33:50,092 [INFO] Refreshing adb devices...
2025-08-12 18:33:50,117 [INFO] Found 1 adb device(s).
2025-08-12 18:33:50,129 [INFO] App ready. Click 'Auto-detect' or 'Scan network' to find your phone.
2025-08-12 18:33:59,692 [INFO] Refreshing adb devices...
2025-08-12 18:33:59,716 [INFO] Found 1 adb device(s).
2025-08-12 18:33:59,727 [INFO] App ready. Click 'Auto-detect' or 'Scan network' to find your phone.
2025-08-12 18:34:03,579 [INFO] Starting scrcpy for 192.168.1.7:42465 ...
2025-08-12 18:34:03,583 [INFO] scrcpy started (external window).
2025-08-12 18:46:21,220 [INFO] Refreshing adb devices...
2025-08-12 18:46:21,245 [INFO] Found 1 adb device(s).
2025-08-12 18:46:21,258 [INFO] App ready. Click 'Auto-detect' or 'Scan network' to find your phone.
2025-08-12 18:50:31,488 [INFO] Refreshing adb devices...
2025-08-12 18:50:31,516 [INFO] Found 1 adb device(s).
2025-08-12 18:50:31,527 [INFO] App ready. Click 'Auto-detect' or 'Scan network' to find your phone.
2025-08-12 18:50:45,201 [INFO] Starting scrcpy for 192.168.1.7:42465 ...
2025-08-12 18:50:45,206 [INFO] scrcpy started (external window).
2025-08-12 18:53:37,511 [INFO] Refreshing adb devices...
2025-08-12 18:53:37,539 [INFO] Found 1 adb device(s).
2025-08-12 18:53:37,554 [INFO] App ready. Click 'Auto-detect' or 'Scan network' to find your phone.
2025-08-12 18:54:11,728 [INFO] Starting scrcpy for 192.168.1.7:42465 ...
2025-08-12 18:54:11,733 [INFO] scrcpy started (external window).
2025-08-12 18:54:19,352 [INFO] Refreshing adb devices...
2025-08-12 18:54:19,377 [INFO] Found 1 adb device(s).
2025-08-12 18:54:20,488 [INFO] Refreshing adb devices...
2025-08-12 18:54:20,511 [INFO] Found 1 adb device(s).
2025-08-12 18:54:23,521 [INFO] Theme changed to morph
2025-08-12 18:54:23,522 [INFO] Settings saved.
2025-08-12 18:54:24,506 [INFO] Theme changed to darkly
2025-08-12 18:54:24,507 [INFO] Settings saved.
2025-08-12 18:54:25,738 [INFO] Initiating pairing to 192.168.1.7:33921 ...
2025-08-12 18:54:29,744 [INFO] Connecting to 192.168.1.7:42465 ...
2025-08-12 18:54:29,778 [INFO] Connected to device.
2025-08-12 18:54:29,779 [INFO] Settings saved.
2025-08-12 18:54:30,449 [ERROR] Pair failed. stdout:Enter pairing code: stderr:error: protocol fault (couldn't read status message): No error stdout2:Enter pairing code: stderr2:error: protocol fault (couldn't read status message): No error
2025-08-12 18:54:30,487 [INFO] Refreshing adb devices...
2025-08-12 18:54:30,512 [INFO] Found 1 adb device(s).
2025-08-12 18:54:31,992 [INFO] Starting scrcpy for 192.168.1.7:42465 ...
2025-08-12 18:54:31,995 [INFO] scrcpy started (external window).
2025-08-12 18:54:36,897 [INFO] Disconnecting 192.168.1.7 ...
2025-08-12 18:54:36,920 [ERROR] Disconnect failed: error: no such device '192.168.1.7:5555'
2025-08-12 18:54:38,393 [INFO] Starting scrcpy for 192.168.1.7:42465 ...
2025-08-12 18:54:38,395 [INFO] scrcpy started (external window).
2025-08-12 18:54:43,689 [INFO] Disconnecting 192.168.1.7 ...
2025-08-12 18:54:43,715 [ERROR] Disconnect failed: error: no such device '192.168.1.7:5555'
2025-08-12 18:58:00,559 [INFO] Refreshing adb devices...
2025-08-12 18:58:00,603 [INFO] Found 1 adb device(s).
2025-08-12 18:58:00,619 [INFO] App ready. Click 'Auto-detect' or 'Scan network' to find your phone.
2025-08-12 18:59:36,871 [INFO] Refreshing adb devices...
2025-08-12 18:59:36,934 [INFO] Found 1 adb device(s).
2025-08-12 18:59:36,951 [INFO] App ready. Click 'Auto-detect' or 'Scan network' to find your phone.
2025-08-12 18:59:41,265 [INFO] Starting scrcpy for 192.168.1.7:42465 ...
2025-08-12 18:59:41,271 [INFO] scrcpy started (external window).
2025-08-12 18:59:50,827 [INFO] Refreshing adb devices...
2025-08-12 18:59:50,871 [INFO] Found 1 adb device(s).
2025-08-12 18:59:50,889 [INFO] App ready. Click 'Auto-detect' or 'Scan network' to find your phone.
2025-08-12 19:02:54,054 [INFO] Refreshing adb devices...
2025-08-12 19:02:54,114 [INFO] Found 1 adb device(s).
2025-08-12 19:02:54,132 [INFO] App ready. Click 'Auto-detect' or 'Scan network' to find your phone.
2025-08-12 19:05:25,120 [INFO] Refreshing adb devices...
2025-08-12 19:05:25,159 [INFO] Found 1 adb device(s).
2025-08-12 19:05:25,176 [INFO] App ready. Click 'Auto-detect' or 'Scan network' to find your phone.
2025-08-12 20:22:45,369 [INFO] Refreshing adb devices...
2025-08-12 20:22:45,409 [INFO] Found 1 adb device(s).
2025-08-12 20:22:45,418 [INFO] App ready. Click 'Auto-detect' or 'Scan network' to find your phone.
2025-08-12 20:22:46,534 [INFO] Starting scrcpy for 192.168.1.7:42465 ...
2025-08-12 20:22:46,679 [INFO] scrcpy started (external window).
2025-08-12 20:26:15,861 [INFO] Starting scrcpy for 192.168.1.7:42465 ...
2025-08-12 20:26:15,863 [INFO] scrcpy started (external window).
2025-08-12 20:27:02,900 [INFO] Disconnecting 192.168.1.7 ...
2025-08-12 20:27:02,925 [ERROR] Disconnect failed: error: no such device '192.168.1.7:5555'
2025-08-14 02:49:15,688 [INFO] Refreshing adb devices...
2025-08-14 02:49:18,082 [WARNING] No adb devices found.
2025-08-14 02:49:18,095 [INFO] App ready. Click 'Auto-detect' or 'Scan network' to find your phone.
2025-08-14 02:49:24,364 [INFO] Starting scrcpy for 192.168.1.7:42465 ...
2025-08-14 02:49:24,450 [INFO] scrcpy started (external window).
2025-08-14 02:49:25,627 [INFO] Refreshing adb devices...
2025-08-14 02:49:25,647 [WARNING] No adb devices found.
2025-08-14 02:49:26,915 [INFO] Refreshing adb devices...
2025-08-14 02:49:26,934 [WARNING] No adb devices found.
2025-08-14 02:49:27,107 [INFO] Refreshing adb devices...
2025-08-14 02:49:27,126 [WARNING] No adb devices found.
2025-08-14 02:49:38,731 [INFO] Refreshing adb devices...
2025-08-14 02:49:38,751 [WARNING] No adb devices found.
2025-08-14 02:49:39,531 [INFO] Refreshing adb devices...
2025-08-14 02:49:39,551 [WARNING] No adb devices found.
2025-08-14 02:49:40,828 [INFO] Connecting to 192.168.1.7:42465 ...
2025-08-14 02:49:43,697 [ERROR] Connect failed: cannot connect to 192.168.1.7:42465: No connection could be made because the target machine actively refused it. (10061) 
2025-08-14 02:49:45,563 [INFO] Refreshing adb devices...
2025-08-14 02:49:45,583 [WARNING] No adb devices found.
2025-08-14 02:49:45,795 [INFO] Refreshing adb devices...
2025-08-14 02:49:45,813 [WARNING] No adb devices found.
2025-08-14 02:49:51,656 [INFO] Refreshing adb devices...
2025-08-14 02:49:51,677 [WARNING] No adb devices found.
2025-08-14 02:49:51,686 [INFO] App ready. Click 'Auto-detect' or 'Scan network' to find your phone.
2025-08-14 02:49:58,131 [INFO] Refreshing adb devices...
2025-08-14 02:49:58,149 [WARNING] No adb devices found.
2025-08-14 02:49:58,555 [INFO] Refreshing adb devices...
2025-08-14 02:49:58,574 [WARNING] No adb devices found.
2025-08-14 02:50:02,315 [INFO] Auto-detecting local IP...
2025-08-14 02:50:16,444 [INFO] Connecting to 192.168.1.7:33683 ...
2025-08-14 02:50:17,406 [INFO] Connected to device.
2025-08-14 02:50:17,406 [INFO] Settings saved.
2025-08-14 02:50:18,110 [INFO] Refreshing adb devices...
2025-08-14 02:50:18,129 [INFO] Found 1 adb device(s).
2025-08-14 02:50:18,395 [INFO] Refreshing adb devices...
2025-08-14 02:50:18,414 [INFO] Found 1 adb device(s).
2025-08-14 02:50:19,804 [INFO] Starting scrcpy for 192.168.1.7:33683 ...
2025-08-14 02:50:19,807 [INFO] scrcpy started (external window).
2025-08-14 02:50:27,860 [INFO] Refreshing adb devices...
2025-08-14 02:50:27,886 [INFO] Found 1 adb device(s).
2025-08-14 02:50:28,403 [INFO] Refreshing adb devices...
2025-08-14 02:50:28,423 [INFO] Found 1 adb device(s).
2025-08-14 02:50:28,603 [INFO] Refreshing adb devices...
2025-08-14 02:50:28,626 [INFO] Found 1 adb device(s).
2025-08-14 02:50:29,308 [INFO] Refreshing adb devices...
2025-08-14 02:50:29,326 [INFO] Found 1 adb device(s).
